<?xml version="1.0" encoding="UTF-8"?>
<!-- Generated by org.testng.reporters.JUnitReportReporter -->
<testsuite hostname="LAPTOP-C6CMMH57" failures="0" tests="3" name="com.employeeapi.testCases.TC001_Get_All_Employees" time="0.048" errors="0" timestamp="14 Oct 2020 00:33:15 GMT" skipped="0">
  <testcase classname="com.employeeapi.testCases.TC001_Get_All_Employees" name="checkResponse" time="0.036"/>
  <testcase classname="com.employeeapi.testCases.TC001_Get_All_Employees" name="checkStatusCode" time="0.003"/>
  <testcase classname="com.employeeapi.testCases.TC001_Get_All_Employees" name="checkContentType" time="0.009"/>
</testsuite> <!-- com.employeeapi.testCases.TC001_Get_All_Employees -->
